<?xml version="1.0" encoding="UTF-8"?>
<testng-results ignored="0" total="1" passed="1" failed="0" skipped="0">
  <reporter-output>
  </reporter-output>
  <suite started-at="2023-05-08T22:44:01 PDT" name="Surefire suite" finished-at="2023-05-08T22:44:03 PDT" duration-ms="2250">
    <groups>
    </groups>
    <test started-at="2023-05-08T22:44:01 PDT" name="Surefire test" finished-at="2023-05-08T22:44:03 PDT" duration-ms="2250">
      <class name="MyControllerTest">
        <test-method signature="greetingTest() throws java.lang.Exception" started-at="2023-05-08T22:44:02 PDT" name="greetingTest" finished-at="2023-05-08T22:44:03 PDT" duration-ms="1958" status="PASS">
          <reporter-output>
          </reporter-output>
        </test-method> <!-- greetingTest -->
      </class> <!-- MyControllerTest -->
    </test> <!-- Surefire test -->
  </suite> <!-- Surefire suite -->
</testng-results>
